{"total": {"lines":{"total":1201,"covered":488,"skipped":0,"pct":40.63},"statements":{"total":1212,"covered":491,"skipped":0,"pct":40.51},"functions":{"total":135,"covered":50,"skipped":0,"pct":37.03},"branches":{"total":900,"covered":348,"skipped":0,"pct":38.66},"branchesTrue":{"total":0,"covered":0,"skipped":0,"pct":100}}
,"D:\\testing-box\\flowhub-core\\backend\\src\\app.js": {"lines":{"total":22,"covered":20,"skipped":0,"pct":90.9},"functions":{"total":2,"covered":0,"skipped":0,"pct":0},"statements":{"total":22,"covered":20,"skipped":0,"pct":90.9},"branches":{"total":2,"covered":1,"skipped":0,"pct":50}}
,"D:\\testing-box\\flowhub-core\\backend\\src\\controllers\\authController.js": {"lines":{"total":115,"covered":3,"skipped":0,"pct":2.6},"functions":{"total":11,"covered":0,"skipped":0,"pct":0},"statements":{"total":115,"covered":3,"skipped":0,"pct":2.6},"branches":{"total":75,"covered":0,"skipped":0,"pct":0}}
,"D:\\testing-box\\flowhub-core\\backend\\src\\controllers\\itemController.js": {"lines":{"total":122,"covered":73,"skipped":0,"pct":59.83},"functions":{"total":12,"covered":8,"skipped":0,"pct":66.66},"statements":{"total":125,"covered":73,"skipped":0,"pct":58.4},"branches":{"total":139,"covered":72,"skipped":0,"pct":51.79}}
,"D:\\testing-box\\flowhub-core\\backend\\src\\middleware\\authMiddleware.js": {"lines":{"total":11,"covered":11,"skipped":0,"pct":100},"functions":{"total":1,"covered":1,"skipped":0,"pct":100},"statements":{"total":11,"covered":11,"skipped":0,"pct":100},"branches":{"total":8,"covered":6,"skipped":0,"pct":75}}
,"D:\\testing-box\\flowhub-core\\backend\\src\\middleware\\errorHandler.js": {"lines":{"total":13,"covered":2,"skipped":0,"pct":15.38},"functions":{"total":2,"covered":0,"skipped":0,"pct":0},"statements":{"total":13,"covered":2,"skipped":0,"pct":15.38},"branches":{"total":10,"covered":0,"skipped":0,"pct":0}}
,"D:\\testing-box\\flowhub-core\\backend\\src\\middleware\\rateLimiter.js": {"lines":{"total":22,"covered":3,"skipped":0,"pct":13.63},"functions":{"total":2,"covered":0,"skipped":0,"pct":0},"statements":{"total":22,"covered":3,"skipped":0,"pct":13.63},"branches":{"total":10,"covered":0,"skipped":0,"pct":0}}
,"D:\\testing-box\\flowhub-core\\backend\\src\\middleware\\upload.js": {"lines":{"total":28,"covered":13,"skipped":0,"pct":46.42},"functions":{"total":3,"covered":2,"skipped":0,"pct":66.66},"statements":{"total":28,"covered":13,"skipped":0,"pct":46.42},"branches":{"total":18,"covered":1,"skipped":0,"pct":5.55}}
,"D:\\testing-box\\flowhub-core\\backend\\src\\models\\File.js": {"lines":{"total":10,"covered":0,"skipped":0,"pct":0},"functions":{"total":1,"covered":0,"skipped":0,"pct":0},"statements":{"total":10,"covered":0,"skipped":0,"pct":0},"branches":{"total":0,"covered":0,"skipped":0,"pct":100}}
,"D:\\testing-box\\flowhub-core\\backend\\src\\models\\Item.js": {"lines":{"total":78,"covered":60,"skipped":0,"pct":76.92},"functions":{"total":20,"covered":19,"skipped":0,"pct":95},"statements":{"total":80,"covered":61,"skipped":0,"pct":76.25},"branches":{"total":56,"covered":39,"skipped":0,"pct":69.64}}
,"D:\\testing-box\\flowhub-core\\backend\\src\\models\\OTP.js": {"lines":{"total":6,"covered":6,"skipped":0,"pct":100},"functions":{"total":0,"covered":0,"skipped":0,"pct":100},"statements":{"total":6,"covered":6,"skipped":0,"pct":100},"branches":{"total":0,"covered":0,"skipped":0,"pct":100}}
,"D:\\testing-box\\flowhub-core\\backend\\src\\models\\User.js": {"lines":{"total":9,"covered":7,"skipped":0,"pct":77.77},"functions":{"total":1,"covered":0,"skipped":0,"pct":0},"statements":{"total":9,"covered":7,"skipped":0,"pct":77.77},"branches":{"total":0,"covered":0,"skipped":0,"pct":100}}
,"D:\\testing-box\\flowhub-core\\backend\\src\\routes\\authRoutes.js": {"lines":{"total":15,"covered":15,"skipped":0,"pct":100},"functions":{"total":0,"covered":0,"skipped":0,"pct":100},"statements":{"total":15,"covered":15,"skipped":0,"pct":100},"branches":{"total":0,"covered":0,"skipped":0,"pct":100}}
,"D:\\testing-box\\flowhub-core\\backend\\src\\routes\\itemRoutes.js": {"lines":{"total":11,"covered":11,"skipped":0,"pct":100},"functions":{"total":0,"covered":0,"skipped":0,"pct":100},"statements":{"total":11,"covered":11,"skipped":0,"pct":100},"branches":{"total":0,"covered":0,"skipped":0,"pct":100}}
,"D:\\testing-box\\flowhub-core\\backend\\src\\services\\authService.js": {"lines":{"total":107,"covered":7,"skipped":0,"pct":6.54},"functions":{"total":8,"covered":0,"skipped":0,"pct":0},"statements":{"total":107,"covered":7,"skipped":0,"pct":6.54},"branches":{"total":43,"covered":0,"skipped":0,"pct":0}}
,"D:\\testing-box\\flowhub-core\\backend\\src\\services\\categoryService.js": {"lines":{"total":11,"covered":4,"skipped":0,"pct":36.36},"functions":{"total":4,"covered":2,"skipped":0,"pct":50},"statements":{"total":11,"covered":4,"skipped":0,"pct":36.36},"branches":{"total":10,"covered":3,"skipped":0,"pct":30}}
,"D:\\testing-box\\flowhub-core\\backend\\src\\services\\fileService.js": {"lines":{"total":46,"covered":10,"skipped":0,"pct":21.73},"functions":{"total":9,"covered":2,"skipped":0,"pct":22.22},"statements":{"total":47,"covered":10,"skipped":0,"pct":21.27},"branches":{"total":18,"covered":0,"skipped":0,"pct":0}}
,"D:\\testing-box\\flowhub-core\\backend\\src\\services\\itemService.js": {"lines":{"total":187,"covered":84,"skipped":0,"pct":44.91},"functions":{"total":15,"covered":5,"skipped":0,"pct":33.33},"statements":{"total":187,"covered":84,"skipped":0,"pct":44.91},"branches":{"total":125,"covered":40,"skipped":0,"pct":32}}
,"D:\\testing-box\\flowhub-core\\backend\\src\\services\\otpService.js": {"lines":{"total":43,"covered":7,"skipped":0,"pct":16.27},"functions":{"total":5,"covered":0,"skipped":0,"pct":0},"statements":{"total":43,"covered":7,"skipped":0,"pct":16.27},"branches":{"total":14,"covered":0,"skipped":0,"pct":0}}
,"D:\\testing-box\\flowhub-core\\backend\\src\\services\\tokenService.js": {"lines":{"total":34,"covered":15,"skipped":0,"pct":44.11},"functions":{"total":4,"covered":1,"skipped":0,"pct":25},"statements":{"total":34,"covered":15,"skipped":0,"pct":44.11},"branches":{"total":19,"covered":6,"skipped":0,"pct":31.57}}
,"D:\\testing-box\\flowhub-core\\backend\\src\\services\\validationService.js": {"lines":{"total":178,"covered":115,"skipped":0,"pct":64.6},"functions":{"total":10,"covered":8,"skipped":0,"pct":80},"statements":{"total":180,"covered":116,"skipped":0,"pct":64.44},"branches":{"total":236,"covered":170,"skipped":0,"pct":72.03}}
,"D:\\testing-box\\flowhub-core\\backend\\src\\utils\\errorResponse.js": {"lines":{"total":28,"covered":0,"skipped":0,"pct":0},"functions":{"total":4,"covered":0,"skipped":0,"pct":0},"statements":{"total":28,"covered":0,"skipped":0,"pct":0},"branches":{"total":33,"covered":0,"skipped":0,"pct":0}}
,"D:\\testing-box\\flowhub-core\\backend\\src\\utils\\errors.js": {"lines":{"total":15,"covered":0,"skipped":0,"pct":0},"functions":{"total":5,"covered":0,"skipped":0,"pct":0},"statements":{"total":15,"covered":0,"skipped":0,"pct":0},"branches":{"total":7,"covered":0,"skipped":0,"pct":0}}
,"D:\\testing-box\\flowhub-core\\backend\\src\\utils\\logger.js": {"lines":{"total":6,"covered":2,"skipped":0,"pct":33.33},"functions":{"total":3,"covered":0,"skipped":0,"pct":0},"statements":{"total":6,"covered":2,"skipped":0,"pct":33.33},"branches":{"total":13,"covered":1,"skipped":0,"pct":7.69}}
,"D:\\testing-box\\flowhub-core\\backend\\src\\utils\\password.js": {"lines":{"total":22,"covered":3,"skipped":0,"pct":13.63},"functions":{"total":3,"covered":0,"skipped":0,"pct":0},"statements":{"total":22,"covered":3,"skipped":0,"pct":13.63},"branches":{"total":18,"covered":0,"skipped":0,"pct":0}}
,"D:\\testing-box\\flowhub-core\\backend\\src\\utils\\transactionHelper.js": {"lines":{"total":39,"covered":16,"skipped":0,"pct":41.02},"functions":{"total":7,"covered":2,"skipped":0,"pct":28.57},"statements":{"total":42,"covered":17,"skipped":0,"pct":40.47},"branches":{"total":29,"covered":9,"skipped":0,"pct":31.03}}
,"D:\\testing-box\\flowhub-core\\backend\\src\\utils\\validation.js": {"lines":{"total":23,"covered":1,"skipped":0,"pct":4.34},"functions":{"total":3,"covered":0,"skipped":0,"pct":0},"statements":{"total":23,"covered":1,"skipped":0,"pct":4.34},"branches":{"total":17,"covered":0,"skipped":0,"pct":0}}
}
