TN:
SF:src\app.js
FN:39,(anonymous_0)
FN:55,(anonymous_1)
FNF:2
FNH:0
FNDA:0,(anonymous_0)
FNDA:0,(anonymous_1)
DA:8,3
DA:9,3
DA:10,3
DA:12,3
DA:13,3
DA:14,3
DA:15,3
DA:17,3
DA:20,3
DA:24,3
DA:32,3
DA:33,3
DA:36,3
DA:39,3
DA:40,0
DA:48,3
DA:49,3
DA:52,3
DA:55,3
DA:56,0
DA:65,3
DA:67,3
LF:22
LH:20
BRDA:20,0,0,0
BRDA:20,0,1,3
BRF:2
BRH:1
end_of_record
TN:
SF:src\controllers\authController.js
FN:18,setRefreshTokenCookie
FN:34,clearRefreshTokenCookie
FN:47,login
FN:87,requestSignupOTP
FN:131,verifySignupOTP
FN:175,signup
FN:246,requestPasswordResetOTP
FN:283,verifyPasswordResetOTP
FN:327,resetPassword
FN:370,refreshToken
FN:409,logout
FNF:11
FNH:0
FNDA:0,setRefreshTokenCookie
FNDA:0,clearRefreshTokenCookie
FNDA:0,login
FNDA:0,requestSignupOTP
FNDA:0,verifySignupOTP
FNDA:0,signup
FNDA:0,requestPasswordResetOTP
FNDA:0,verifyPasswordResetOTP
FNDA:0,resetPassword
FNDA:0,refreshToken
FNDA:0,logout
DA:8,3
DA:9,3
DA:19,0
DA:21,0
DA:35,0
DA:48,0
DA:49,0
DA:52,0
DA:53,0
DA:59,0
DA:60,0
DA:61,0
DA:68,0
DA:71,0
DA:74,0
DA:79,0
DA:88,0
DA:89,0
DA:92,0
DA:93,0
DA:99,0
DA:100,0
DA:101,0
DA:108,0
DA:110,0
DA:117,0
DA:118,0
DA:121,0
DA:123,0
DA:132,0
DA:133,0
DA:136,0
DA:137,0
DA:143,0
DA:144,0
DA:145,0
DA:151,0
DA:152,0
DA:153,0
DA:160,0
DA:162,0
DA:167,0
DA:176,0
DA:177,0
DA:180,0
DA:181,0
DA:187,0
DA:188,0
DA:189,0
DA:195,0
DA:196,0
DA:197,0
DA:203,0
DA:204,0
DA:205,0
DA:211,0
DA:212,0
DA:213,0
DA:220,0
DA:223,0
DA:226,0
DA:232,0
DA:233,0
DA:238,0
DA:247,0
DA:248,0
DA:251,0
DA:252,0
DA:258,0
DA:259,0
DA:260,0
DA:267,0
DA:270,0
DA:275,0
DA:284,0
DA:285,0
DA:288,0
DA:289,0
DA:295,0
DA:296,0
DA:297,0
DA:303,0
DA:304,0
DA:305,0
DA:312,0
DA:314,0
DA:319,0
DA:328,0
DA:329,0
DA:332,0
DA:333,0
DA:339,0
DA:340,0
DA:341,0
DA:347,0
DA:348,0
DA:349,0
DA:356,0
DA:358,0
DA:362,0
DA:371,0
DA:373,0
DA:375,0
DA:376,0
DA:383,0
DA:386,0
DA:392,0
DA:394,0
DA:395,0
DA:401,0
DA:410,0
DA:412,0
DA:414,0
DA:418,0
DA:422,3
LF:115
LH:3
BRDA:18,0,0,0
BRDA:19,1,0,0
BRDA:19,1,1,0
BRDA:52,2,0,0
BRDA:52,2,1,0
BRDA:52,3,0,0
BRDA:52,3,1,0
BRDA:60,4,0,0
BRDA:60,4,1,0
BRDA:68,5,0,0
BRDA:68,5,1,0
BRDA:71,6,0,0
BRDA:71,6,1,0
BRDA:92,7,0,0
BRDA:92,7,1,0
BRDA:100,8,0,0
BRDA:100,8,1,0
BRDA:117,9,0,0
BRDA:117,9,1,0
BRDA:117,10,0,0
BRDA:117,10,1,0
BRDA:136,11,0,0
BRDA:136,11,1,0
BRDA:136,12,0,0
BRDA:136,12,1,0
BRDA:144,13,0,0
BRDA:144,13,1,0
BRDA:152,14,0,0
BRDA:152,14,1,0
BRDA:180,15,0,0
BRDA:180,15,1,0
BRDA:180,16,0,0
BRDA:180,16,1,0
BRDA:180,16,2,0
BRDA:180,16,3,0
BRDA:180,16,4,0
BRDA:188,17,0,0
BRDA:188,17,1,0
BRDA:196,18,0,0
BRDA:196,18,1,0
BRDA:204,19,0,0
BRDA:204,19,1,0
BRDA:212,20,0,0
BRDA:212,20,1,0
BRDA:232,21,0,0
BRDA:232,21,1,0
BRDA:232,22,0,0
BRDA:232,22,1,0
BRDA:251,23,0,0
BRDA:251,23,1,0
BRDA:259,24,0,0
BRDA:259,24,1,0
BRDA:288,25,0,0
BRDA:288,25,1,0
BRDA:288,26,0,0
BRDA:288,26,1,0
BRDA:296,27,0,0
BRDA:296,27,1,0
BRDA:304,28,0,0
BRDA:304,28,1,0
BRDA:332,29,0,0
BRDA:332,29,1,0
BRDA:332,30,0,0
BRDA:332,30,1,0
BRDA:332,30,2,0
BRDA:340,31,0,0
BRDA:340,31,1,0
BRDA:348,32,0,0
BRDA:348,32,1,0
BRDA:375,33,0,0
BRDA:375,33,1,0
BRDA:394,34,0,0
BRDA:394,34,1,0
BRDA:394,35,0,0
BRDA:394,35,1,0
BRF:75
BRH:0
end_of_record
TN:
SF:src\controllers\itemController.js
FN:20,createItem
FN:117,extractItemData
FN:124,(anonymous_2)
FN:124,(anonymous_3)
FN:132,(anonymous_4)
FN:178,formatItemResponse
FN:193,getErrorType
FN:223,getDefaultErrorMessage
FN:245,getItems
FN:349,getItem
FN:428,updateItem
FN:501,deleteItem
FNF:12
FNH:8
FNDA:139,createItem
FNDA:178,extractItemData
FNDA:0,(anonymous_2)
FNDA:0,(anonymous_3)
FNDA:402,(anonymous_4)
FNDA:173,formatItemResponse
FNDA:43,getErrorType
FNDA:0,getDefaultErrorMessage
FNDA:0,getItems
FNDA:49,getItem
FNDA:40,updateItem
FNDA:6,deleteItem
DA:9,3
DA:10,3
DA:21,139
DA:23,139
DA:24,139
DA:25,0
DA:36,139
DA:39,139
DA:42,139
DA:45,137
DA:48,137
DA:57,2
DA:59,2
DA:60,2
DA:71,0
DA:72,0
DA:83,0
DA:84,0
DA:95,0
DA:96,0
DA:107,0
DA:119,178
DA:120,178
DA:121,142
DA:122,142
DA:123,0
DA:124,0
DA:129,178
DA:132,178
DA:133,402
DA:134,402
DA:135,402
DA:139,178
DA:140,0
DA:147,178
DA:148,134
DA:155,178
DA:179,173
DA:183,173
DA:195,43
DA:196,3
DA:202,3
DA:205,40
DA:214,40
DA:224,0
DA:233,0
DA:246,0
DA:248,0
DA:249,0
DA:250,0
DA:253,0
DA:254,0
DA:255,0
DA:256,0
DA:258,0
DA:263,0
DA:264,0
DA:265,0
DA:266,0
DA:268,0
DA:273,0
DA:274,0
DA:277,0
DA:288,0
DA:291,0
DA:293,0
DA:294,0
DA:295,0
DA:299,0
DA:307,0
DA:308,0
DA:318,0
DA:319,0
DA:330,0
DA:350,49
DA:351,49
DA:353,49
DA:354,49
DA:359,49
DA:360,10
DA:371,39
DA:374,39
DA:375,6
DA:386,33
DA:388,33
DA:396,0
DA:397,0
DA:408,0
DA:409,0
DA:429,40
DA:430,40
DA:431,40
DA:432,40
DA:435,40
DA:436,1
DA:447,39
DA:450,39
DA:451,39
DA:454,39
DA:457,0
DA:459,0
DA:466,39
DA:467,39
DA:477,39
DA:478,3
DA:482,39
DA:483,1
DA:484,1
DA:487,39
DA:489,0
DA:502,6
DA:503,6
DA:504,6
DA:507,6
DA:508,1
DA:519,5
DA:522,3
DA:524,3
DA:531,2
DA:532,2
DA:541,0
DA:545,3
LF:122
LH:73
BRDA:24,0,0,0
BRDA:24,0,1,139
BRDA:39,1,0,139
BRDA:39,1,1,139
BRDA:57,2,0,2
BRDA:57,2,1,0
BRDA:57,3,0,2
BRDA:57,3,1,2
BRDA:59,4,0,0
BRDA:59,4,1,2
BRDA:64,5,0,2
BRDA:64,5,1,0
BRDA:71,6,0,0
BRDA:71,6,1,0
BRDA:76,7,0,0
BRDA:76,7,1,0
BRDA:83,8,0,0
BRDA:83,8,1,0
BRDA:95,9,0,0
BRDA:95,9,1,0
BRDA:100,10,0,0
BRDA:100,10,1,0
BRDA:120,11,0,142
BRDA:120,11,1,36
BRDA:121,12,0,142
BRDA:121,12,1,0
BRDA:123,13,0,0
BRDA:123,13,1,0
BRDA:133,14,0,0
BRDA:133,14,1,402
BRDA:133,15,0,402
BRDA:133,15,1,402
BRDA:133,15,2,402
BRDA:134,16,0,402
BRDA:134,16,1,0
BRDA:135,17,0,0
BRDA:135,17,1,402
BRDA:139,18,0,0
BRDA:139,18,1,178
BRDA:139,19,0,178
BRDA:139,19,1,0
BRDA:139,19,2,0
BRDA:147,20,0,134
BRDA:147,20,1,44
BRDA:147,21,0,178
BRDA:147,21,1,44
BRDA:147,21,2,44
BRDA:159,22,0,144
BRDA:159,22,1,34
BRDA:159,23,0,178
BRDA:159,23,1,144
BRDA:161,24,0,140
BRDA:161,24,1,38
BRDA:163,25,0,134
BRDA:163,25,1,44
BRDA:163,26,0,178
BRDA:163,26,1,134
BRDA:166,27,0,8
BRDA:166,27,1,170
BRDA:166,28,0,178
BRDA:166,28,1,8
BRDA:167,29,0,5
BRDA:167,29,1,173
BRDA:167,30,0,178
BRDA:167,30,1,5
BRDA:179,31,0,173
BRDA:179,31,1,0
BRDA:195,32,0,3
BRDA:195,32,1,40
BRDA:195,33,0,43
BRDA:195,33,1,4
BRDA:202,34,0,3
BRDA:202,34,1,0
BRDA:214,35,0,40
BRDA:214,35,1,3
BRDA:233,36,0,0
BRDA:233,36,1,0
BRDA:248,37,0,0
BRDA:248,37,1,0
BRDA:249,38,0,0
BRDA:249,38,1,0
BRDA:250,39,0,0
BRDA:250,39,1,0
BRDA:254,40,0,0
BRDA:254,40,1,0
BRDA:255,41,0,0
BRDA:255,41,1,0
BRDA:264,42,0,0
BRDA:264,42,1,0
BRDA:265,43,0,0
BRDA:265,43,1,0
BRDA:273,44,0,0
BRDA:273,44,1,0
BRDA:274,45,0,0
BRDA:274,45,1,0
BRDA:291,46,0,0
BRDA:291,46,1,0
BRDA:291,47,0,0
BRDA:291,47,1,0
BRDA:307,48,0,0
BRDA:307,48,1,0
BRDA:307,49,0,0
BRDA:307,49,1,0
BRDA:318,50,0,0
BRDA:318,50,1,0
BRDA:323,51,0,0
BRDA:323,51,1,0
BRDA:351,52,0,49
BRDA:351,52,1,0
BRDA:359,53,0,10
BRDA:359,53,1,39
BRDA:374,54,0,6
BRDA:374,54,1,33
BRDA:396,55,0,0
BRDA:396,55,1,0
BRDA:401,56,0,0
BRDA:401,56,1,0
BRDA:431,57,0,40
BRDA:431,57,1,0
BRDA:432,58,0,40
BRDA:432,58,1,40
BRDA:435,59,0,1
BRDA:435,59,1,39
BRDA:466,60,0,39
BRDA:466,60,1,0
BRDA:471,61,0,39
BRDA:471,61,1,0
BRDA:477,62,0,3
BRDA:477,62,1,36
BRDA:477,63,0,39
BRDA:477,63,1,3
BRDA:482,64,0,1
BRDA:482,64,1,38
BRDA:507,65,0,1
BRDA:507,65,1,5
BRDA:531,66,0,2
BRDA:531,66,1,0
BRDA:536,67,0,2
BRDA:536,67,1,0
BRF:139
BRH:72
end_of_record
TN:
SF:src\middleware\authMiddleware.js
FN:17,verifyToken
FNF:1
FNH:1
FNDA:242,verifyToken
DA:8,3
DA:18,242
DA:20,242
DA:22,242
DA:23,7
DA:33,235
DA:36,235
DA:39,234
DA:44,234
DA:46,1
DA:57,3
LF:11
LH:11
BRDA:22,0,0,7
BRDA:22,0,1,235
BRDA:22,1,0,242
BRDA:22,1,1,236
BRDA:29,2,0,7
BRDA:29,2,1,0
BRDA:52,3,0,1
BRDA:52,3,1,0
BRF:8
BRH:6
end_of_record
TN:
SF:src\middleware\errorHandler.js
FN:18,errorHandler
FN:58,getErrorType
FNF:2
FNH:0
FNDA:0,errorHandler
FNDA:0,getErrorType
DA:8,3
DA:20,0
DA:23,0
DA:24,0
DA:30,0
DA:31,0
DA:41,0
DA:48,0
DA:49,0
DA:52,0
DA:59,0
DA:69,0
DA:72,3
LF:13
LH:2
BRDA:23,0,0,0
BRDA:23,0,1,0
BRDA:24,1,0,0
BRDA:24,1,1,0
BRDA:30,2,0,0
BRDA:30,2,1,0
BRDA:48,3,0,0
BRDA:48,3,1,0
BRDA:69,4,0,0
BRDA:69,4,1,0
BRF:10
BRH:0
end_of_record
TN:
SF:src\middleware\rateLimiter.js
FN:18,loginRateLimiter
FN:52,otpRateLimiter
FNF:2
FNH:0
FNDA:0,loginRateLimiter
FNDA:0,otpRateLimiter
DA:8,3
DA:9,3
DA:19,0
DA:20,0
DA:22,0
DA:23,0
DA:30,0
DA:32,0
DA:33,0
DA:39,0
DA:41,0
DA:53,0
DA:54,0
DA:56,0
DA:58,0
DA:59,0
DA:66,0
DA:68,0
DA:69,0
DA:75,0
DA:77,0
DA:81,3
LF:22
LH:3
BRDA:22,0,0,0
BRDA:22,0,1,0
BRDA:32,1,0,0
BRDA:32,1,1,0
BRDA:56,2,0,0
BRDA:56,2,1,0
BRDA:58,3,0,0
BRDA:58,3,1,0
BRDA:68,4,0,0
BRDA:68,4,1,0
BRF:10
BRH:0
end_of_record
TN:
SF:src\middleware\upload.js
FN:32,(anonymous_0)
FN:59,(anonymous_1)
FN:60,(anonymous_2)
FNF:3
FNH:2
FNDA:0,(anonymous_0)
FNDA:179,(anonymous_1)
FNDA:179,(anonymous_2)
DA:8,3
DA:11,3
DA:12,3
DA:13,3
DA:28,3
DA:32,3
DA:34,0
DA:35,0
DA:36,0
DA:37,0
DA:38,0
DA:41,0
DA:45,3
DA:56,3
DA:59,3
DA:60,179
DA:61,179
DA:63,0
DA:64,0
DA:65,0
DA:74,0
DA:75,0
DA:80,0
DA:87,0
DA:88,0
DA:99,0
DA:109,179
DA:113,3
LF:28
LH:13
BRDA:34,0,0,0
BRDA:34,0,1,0
BRDA:34,1,0,0
BRDA:34,1,1,0
BRDA:61,2,0,0
BRDA:61,2,1,179
BRDA:63,3,0,0
BRDA:63,3,1,0
BRDA:64,4,0,0
BRDA:64,4,1,0
BRDA:74,5,0,0
BRDA:74,5,1,0
BRDA:81,6,0,0
BRDA:81,6,1,0
BRDA:87,7,0,0
BRDA:87,7,1,0
BRDA:92,8,0,0
BRDA:92,8,1,0
BRF:18
BRH:1
end_of_record
TN:
SF:src\models\File.js
FN:58,(anonymous_0)
FNF:1
FNH:0
FNDA:0,(anonymous_0)
DA:9,0
DA:11,0
DA:59,0
DA:60,0
DA:67,0
DA:70,0
DA:73,0
DA:76,0
DA:84,0
DA:86,0
LF:10
LH:0
BRF:0
BRH:0
end_of_record
TN:
SF:src\models\Item.js
FN:55,(anonymous_0)
FN:77,(anonymous_1)
FN:87,(anonymous_2)
FN:97,(anonymous_3)
FN:102,(anonymous_4)
FN:115,(anonymous_5)
FN:120,(anonymous_6)
FN:131,(anonymous_7)
FN:136,(anonymous_8)
FN:147,(anonymous_9)
FN:152,(anonymous_10)
FN:166,(anonymous_11)
FN:170,(anonymous_12)
FN:188,(anonymous_13)
FN:193,(anonymous_14)
FN:206,(anonymous_15)
FN:211,(anonymous_16)
FN:263,(anonymous_17)
FN:312,(anonymous_18)
FN:335,(anonymous_19)
FNF:20
FNH:19
FNDA:274,(anonymous_0)
FNDA:274,(anonymous_1)
FNDA:562,(anonymous_2)
FNDA:274,(anonymous_3)
FNDA:258,(anonymous_4)
FNDA:274,(anonymous_5)
FNDA:258,(anonymous_6)
FNDA:274,(anonymous_7)
FNDA:258,(anonymous_8)
FNDA:274,(anonymous_9)
FNDA:258,(anonymous_10)
FNDA:274,(anonymous_11)
FNDA:10,(anonymous_12)
FNDA:274,(anonymous_13)
FNDA:10,(anonymous_14)
FNDA:274,(anonymous_15)
FNDA:6,(anonymous_16)
FNDA:0,(anonymous_17)
FNDA:274,(anonymous_18)
FNDA:274,(anonymous_19)
DA:9,3
DA:11,3
DA:57,274
DA:79,274
DA:80,0
DA:83,274
DA:84,274
DA:85,0
DA:87,562
DA:98,274
DA:104,258
DA:105,258
DA:107,0
DA:116,274
DA:121,258
DA:122,258
DA:124,0
DA:132,274
DA:137,258
DA:138,258
DA:140,0
DA:148,274
DA:153,258
DA:154,258
DA:156,0
DA:167,274
DA:171,10
DA:172,10
DA:174,10
DA:175,10
DA:176,10
DA:178,0
DA:181,0
DA:189,274
DA:194,10
DA:195,10
DA:197,0
DA:207,274
DA:212,6
DA:213,6
DA:215,0
DA:265,0
DA:266,0
DA:267,0
DA:268,0
DA:269,0
DA:277,3
DA:289,3
DA:292,3
DA:300,3
DA:303,3
DA:306,3
DA:309,3
DA:312,3
DA:314,274
DA:315,274
DA:318,274
DA:319,274
DA:320,0
DA:321,274
DA:323,0
DA:324,274
DA:326,0
DA:329,274
DA:334,274
DA:335,274
DA:336,274
DA:341,274
DA:342,16
DA:343,16
DA:345,274
DA:346,264
DA:347,264
DA:349,274
DA:350,268
DA:352,274
DA:355,3
DA:357,3
LF:78
LH:60
BRDA:79,0,0,0
BRDA:79,0,1,274
BRDA:79,1,0,274
BRDA:79,1,1,274
BRDA:84,2,0,0
BRDA:84,2,1,274
BRDA:87,3,0,562
BRDA:87,3,1,562
BRDA:104,4,0,258
BRDA:104,4,1,0
BRDA:105,5,0,258
BRDA:105,5,1,258
BRDA:121,6,0,258
BRDA:121,6,1,0
BRDA:122,7,0,258
BRDA:122,7,1,258
BRDA:137,8,0,258
BRDA:137,8,1,0
BRDA:138,9,0,258
BRDA:138,9,1,258
BRDA:153,10,0,258
BRDA:153,10,1,0
BRDA:154,11,0,258
BRDA:154,11,1,258
BRDA:171,12,0,10
BRDA:171,12,1,0
BRDA:172,13,0,0
BRDA:172,13,1,10
BRDA:194,14,0,10
BRDA:194,14,1,0
BRDA:195,15,0,10
BRDA:195,15,1,10
BRDA:212,16,0,6
BRDA:212,16,1,0
BRDA:213,17,0,6
BRDA:213,17,1,6
BRDA:314,18,0,274
BRDA:314,18,1,0
BRDA:314,19,0,274
BRDA:314,19,1,0
BRDA:319,20,0,0
BRDA:319,20,1,274
BRDA:321,21,0,0
BRDA:321,21,1,274
BRDA:324,22,0,0
BRDA:324,22,1,274
BRDA:334,23,0,274
BRDA:334,23,1,0
BRDA:334,24,0,274
BRDA:334,24,1,0
BRDA:341,25,0,16
BRDA:341,25,1,258
BRDA:345,26,0,264
BRDA:345,26,1,10
BRDA:349,27,0,268
BRDA:349,27,1,6
BRF:56
BRH:39
end_of_record
TN:
SF:src\models\OTP.js
FNF:0
FNH:0
DA:8,3
DA:10,3
DA:59,3
DA:62,3
DA:64,3
DA:66,3
LF:6
LH:6
BRF:0
BRH:0
end_of_record
TN:
SF:src\models\User.js
FN:63,(anonymous_0)
FNF:1
FNH:0
FNDA:0,(anonymous_0)
DA:8,3
DA:10,3
DA:65,0
DA:66,0
DA:72,3
DA:73,3
DA:74,3
DA:76,3
DA:78,3
LF:9
LH:7
BRF:0
BRH:0
end_of_record
TN:
SF:src\routes\authRoutes.js
FNF:0
FNH:0
DA:8,3
DA:9,3
DA:11,3
DA:12,3
DA:13,3
DA:18,3
DA:21,3
DA:24,3
DA:25,3
DA:26,3
DA:29,3
DA:30,3
DA:31,3
DA:36,3
DA:38,3
LF:15
LH:15
BRF:0
BRH:0
end_of_record
TN:
SF:src\routes\itemRoutes.js
FNF:0
FNH:0
DA:7,3
DA:8,3
DA:9,3
DA:10,3
DA:11,3
DA:19,3
DA:31,3
DA:38,3
DA:46,3
DA:58,3
DA:60,3
LF:11
LH:11
BRF:0
BRH:0
end_of_record
TN:
SF:src\services\authService.js
FN:25,login
FN:81,signup
FN:134,requestOTP
FN:185,verifyOTPForAuth
FN:199,resetPassword
FN:249,checkAccountLockout
FN:274,incrementFailedAttempts
FN:301,refreshAccessToken
FNF:8
FNH:0
FNDA:0,login
FNDA:0,signup
FNDA:0,requestOTP
FNDA:0,verifyOTPForAuth
FNDA:0,resetPassword
FNDA:0,checkAccountLockout
FNDA:0,incrementFailedAttempts
FNDA:0,refreshAccessToken
DA:8,3
DA:9,3
DA:10,3
DA:11,3
DA:13,3
DA:14,3
DA:26,0
DA:29,0
DA:30,0
DA:31,0
DA:35,0
DA:36,0
DA:37,0
DA:38,0
DA:42,0
DA:43,0
DA:44,0
DA:45,0
DA:49,0
DA:50,0
DA:53,0
DA:54,0
DA:55,0
DA:56,0
DA:57,0
DA:60,0
DA:61,0
DA:63,0
DA:82,0
DA:86,0
DA:89,0
DA:90,0
DA:91,0
DA:95,0
DA:96,0
DA:97,0
DA:101,0
DA:104,0
DA:112,0
DA:113,0
DA:116,0
DA:117,0
DA:119,0
DA:135,0
DA:138,0
DA:139,0
DA:140,0
DA:144,0
DA:145,0
DA:146,0
DA:153,0
DA:154,0
DA:158,0
DA:159,0
DA:162,0
DA:169,0
DA:170,0
DA:173,0
DA:186,0
DA:187,0
DA:200,0
DA:204,0
DA:207,0
DA:208,0
DA:209,0
DA:213,0
DA:214,0
DA:215,0
DA:220,0
DA:221,0
DA:222,0
DA:223,0
DA:229,0
DA:232,0
DA:235,0
DA:236,0
DA:238,0
DA:250,0
DA:252,0
DA:253,0
DA:257,0
DA:259,0
DA:260,0
DA:261,0
DA:262,0
DA:265,0
DA:275,0
DA:277,0
DA:278,0
DA:281,0
DA:282,0
DA:285,0
DA:286,0
DA:287,0
DA:288,0
DA:291,0
DA:302,0
DA:303,0
DA:307,0
DA:310,0
DA:311,0
DA:312,0
DA:316,0
DA:319,0
DA:320,0
DA:322,0
DA:328,3
LF:107
LH:7
BRDA:25,0,0,0
BRDA:30,1,0,0
BRDA:30,1,1,0
BRDA:36,2,0,0
BRDA:36,2,1,0
BRDA:43,3,0,0
BRDA:43,3,1,0
BRDA:90,4,0,0
BRDA:90,4,1,0
BRDA:96,5,0,0
BRDA:96,5,1,0
BRDA:139,6,0,0
BRDA:139,6,1,0
BRDA:144,7,0,0
BRDA:144,7,1,0
BRDA:146,8,0,0
BRDA:146,8,1,0
BRDA:158,9,0,0
BRDA:158,9,1,0
BRDA:169,10,0,0
BRDA:169,10,1,0
BRDA:208,11,0,0
BRDA:208,11,1,0
BRDA:214,12,0,0
BRDA:214,12,1,0
BRDA:220,13,0,0
BRDA:220,13,1,0
BRDA:222,14,0,0
BRDA:222,14,1,0
BRDA:252,15,0,0
BRDA:252,15,1,0
BRDA:252,16,0,0
BRDA:252,16,1,0
BRDA:257,17,0,0
BRDA:257,17,1,0
BRDA:277,18,0,0
BRDA:277,18,1,0
BRDA:285,19,0,0
BRDA:285,19,1,0
BRDA:302,20,0,0
BRDA:302,20,1,0
BRDA:311,21,0,0
BRDA:311,21,1,0
BRF:43
BRH:0
end_of_record
TN:
SF:src\services\categoryService.js
FN:19,normalizeCategory
FN:25,(anonymous_1)
FN:37,normalizeCategoryForStorage
FN:48,isValidCategory
FNF:4
FNH:2
FNDA:274,normalizeCategory
FNDA:274,(anonymous_1)
FNDA:0,normalizeCategoryForStorage
FNDA:0,isValidCategory
DA:20,274
DA:21,0
DA:25,274
DA:26,274
DA:38,0
DA:39,0
DA:49,0
DA:50,0
DA:52,0
DA:53,0
DA:56,3
LF:11
LH:4
BRDA:20,0,0,0
BRDA:20,0,1,274
BRDA:20,1,0,274
BRDA:20,1,1,274
BRDA:49,2,0,0
BRDA:49,2,1,0
BRDA:49,3,0,0
BRDA:49,3,1,0
BRDA:53,4,0,0
BRDA:53,4,1,0
BRF:10
BRH:3
end_of_record
TN:
SF:src\services\fileService.js
FN:15,generateUUID
FN:16,(anonymous_1)
FN:24,(anonymous_2)
FN:34,(anonymous_3)
FN:50,(anonymous_4)
FN:82,(anonymous_5)
FN:109,(anonymous_6)
FN:126,(anonymous_7)
FN:149,(anonymous_8)
FNF:9
FNH:2
FNDA:0,generateUUID
FNDA:0,(anonymous_1)
FNDA:3,(anonymous_2)
FNDA:3,(anonymous_3)
FNDA:0,(anonymous_4)
FNDA:0,(anonymous_5)
FNDA:0,(anonymous_6)
FNDA:0,(anonymous_7)
FNDA:0,(anonymous_8)
DA:10,3
DA:11,3
DA:12,3
DA:16,0
DA:17,0
DA:18,0
DA:19,0
DA:26,3
DA:27,3
DA:28,3
DA:35,3
DA:36,3
DA:37,1
DA:39,0
DA:51,0
DA:52,0
DA:55,0
DA:56,0
DA:57,0
DA:60,0
DA:62,0
DA:71,0
DA:83,0
DA:84,0
DA:85,0
DA:89,0
DA:90,0
DA:91,0
DA:94,0
DA:97,0
DA:99,0
DA:110,0
DA:111,0
DA:112,0
DA:116,0
DA:127,0
DA:128,0
DA:131,0
DA:135,0
DA:136,0
DA:139,0
DA:150,0
DA:151,0
DA:152,0
DA:154,0
DA:160,3
LF:46
LH:10
BRDA:18,0,0,0
BRDA:18,0,1,0
BRDA:84,1,0,0
BRDA:84,1,1,0
BRDA:84,2,0,0
BRDA:84,2,1,0
BRDA:111,3,0,0
BRDA:111,3,1,0
BRDA:111,4,0,0
BRDA:111,4,1,0
BRDA:128,5,0,0
BRDA:128,5,1,0
BRDA:131,6,0,0
BRDA:131,6,1,0
BRDA:131,7,0,0
BRDA:131,7,1,0
BRDA:135,8,0,0
BRDA:135,8,1,0
BRF:18
BRH:0
end_of_record
TN:
SF:src\services\itemService.js
FN:25,createItem
FN:38,(anonymous_1)
FN:105,getItemById
FN:120,getItemsByUser
FN:154,deleteFile
FN:163,escapeRegex
FN:172,normalizeSearchQuery
FN:184,validateSortFields
FN:194,(anonymous_8)
FN:212,buildSortObject
FN:216,(anonymous_10)
FN:246,getItems
FN:307,(anonymous_12)
FN:339,updateItem
FN:522,deleteItem
FNF:15
FNH:5
FNDA:139,createItem
FNDA:274,(anonymous_1)
FNDA:39,getItemById
FNDA:0,getItemsByUser
FNDA:0,deleteFile
FNDA:0,escapeRegex
FNDA:0,normalizeSearchQuery
FNDA:0,validateSortFields
FNDA:0,(anonymous_8)
FNDA:0,buildSortObject
FNDA:0,(anonymous_10)
FNDA:0,getItems
FNDA:0,(anonymous_12)
FNDA:39,updateItem
FNDA:5,deleteItem
DA:9,3
DA:10,3
DA:11,3
DA:12,3
DA:13,3
DA:26,139
DA:28,139
DA:30,139
DA:33,137
DA:34,0
DA:38,137
DA:40,274
DA:43,274
DA:44,274
DA:46,274
DA:47,0
DA:48,274
DA:49,0
DA:51,274
DA:55,274
DA:67,274
DA:70,137
DA:73,137
DA:74,0
DA:78,0
DA:79,0
DA:82,137
DA:85,137
DA:89,2
DA:90,0
DA:94,2
DA:106,39
DA:107,39
DA:108,0
DA:110,39
DA:125,0
DA:127,0
DA:129,0
DA:138,0
DA:155,0
DA:164,0
DA:173,0
DA:174,0
DA:176,0
DA:185,0
DA:187,0
DA:188,0
DA:192,0
DA:193,0
DA:195,0
DA:196,0
DA:198,0
DA:199,0
DA:203,0
DA:213,0
DA:214,0
DA:216,0
DA:217,0
DA:219,0
DA:220,0
DA:225,0
DA:226,0
DA:229,0
DA:255,0
DA:258,0
DA:261,0
DA:262,0
DA:263,0
DA:264,0
DA:269,0
DA:270,0
DA:271,0
DA:275,0
DA:276,0
DA:278,0
DA:279,0
DA:280,0
DA:282,0
DA:289,0
DA:292,0
DA:293,0
DA:294,0
DA:297,0
DA:307,0
DA:308,0
DA:309,0
DA:313,0
DA:314,0
DA:316,0
DA:342,39
DA:344,39
DA:345,2
DA:346,2
DA:347,2
DA:351,37
DA:352,2
DA:353,2
DA:354,2
DA:355,2
DA:359,35
DA:360,0
DA:361,0
DA:362,0
DA:363,0
DA:367,35
DA:368,2
DA:369,2
DA:370,2
DA:373,33
DA:374,5
DA:375,5
DA:376,5
DA:379,28
DA:380,1
DA:381,1
DA:382,1
DA:383,1
DA:384,1
DA:385,1
DA:389,27
DA:390,27
DA:392,27
DA:394,4
DA:395,2
DA:396,2
DA:397,2
DA:398,2
DA:399,2
DA:400,0
DA:401,0
DA:407,27
DA:412,27
DA:413,27
DA:414,27
DA:415,27
DA:416,27
DA:419,27
DA:420,27
DA:423,27
DA:425,0
DA:433,0
DA:437,0
DA:441,27
DA:446,0
DA:447,0
DA:449,0
DA:450,0
DA:453,0
DA:454,0
DA:458,0
DA:459,0
DA:460,0
DA:464,0
DA:465,0
DA:466,0
DA:467,0
DA:468,0
DA:469,0
DA:470,0
DA:471,0
DA:473,0
DA:478,0
DA:479,0
DA:483,0
DA:484,0
DA:487,0
DA:500,0
DA:502,0
DA:503,0
DA:504,0
DA:505,0
DA:506,0
DA:507,0
DA:508,0
DA:511,0
DA:524,5
DA:526,5
DA:527,1
DA:528,1
DA:529,1
DA:533,4
DA:534,1
DA:535,1
DA:536,1
DA:540,3
DA:551,3
DA:554,3
LF:187
LH:84
BRDA:33,0,0,0
BRDA:33,0,1,137
BRDA:46,1,0,0
BRDA:46,1,1,274
BRDA:48,2,0,0
BRDA:48,2,1,274
BRDA:67,3,0,137
BRDA:67,3,1,137
BRDA:73,4,0,0
BRDA:73,4,1,137
BRDA:79,5,0,0
BRDA:79,5,1,0
BRDA:89,6,0,0
BRDA:89,6,1,2
BRDA:89,7,0,2
BRDA:89,7,1,0
BRDA:105,8,0,0
BRDA:107,9,0,0
BRDA:107,9,1,39
BRDA:120,10,0,0
BRDA:122,11,0,0
BRDA:123,12,0,0
BRDA:124,13,0,0
BRDA:173,14,0,0
BRDA:173,14,1,0
BRDA:173,15,0,0
BRDA:173,15,1,0
BRDA:173,15,2,0
BRDA:173,15,3,0
BRDA:187,16,0,0
BRDA:187,16,1,0
BRDA:195,17,0,0
BRDA:195,17,1,0
BRDA:195,18,0,0
BRDA:195,18,1,0
BRDA:203,19,0,0
BRDA:203,19,1,0
BRDA:217,20,0,0
BRDA:217,20,1,0
BRDA:217,21,0,0
BRDA:217,21,1,0
BRDA:219,22,0,0
BRDA:219,22,1,0
BRDA:225,23,0,0
BRDA:225,23,1,0
BRDA:246,24,0,0
BRDA:251,25,0,0
BRDA:252,26,0,0
BRDA:253,27,0,0
BRDA:254,28,0,0
BRDA:261,29,0,0
BRDA:261,29,1,0
BRDA:263,30,0,0
BRDA:263,30,1,0
BRDA:269,31,0,0
BRDA:269,31,1,0
BRDA:269,32,0,0
BRDA:269,32,1,0
BRDA:276,33,0,0
BRDA:276,33,1,0
BRDA:292,34,0,0
BRDA:292,34,1,0
BRDA:293,35,0,0
BRDA:293,35,1,0
BRDA:314,36,0,0
BRDA:314,36,1,0
BRDA:344,37,0,2
BRDA:344,37,1,37
BRDA:351,38,0,2
BRDA:351,38,1,35
BRDA:359,39,0,0
BRDA:359,39,1,35
BRDA:367,40,0,2
BRDA:367,40,1,33
BRDA:367,41,0,35
BRDA:367,41,1,33
BRDA:373,42,0,5
BRDA:373,42,1,28
BRDA:373,43,0,33
BRDA:373,43,1,31
BRDA:373,43,2,30
BRDA:379,44,0,1
BRDA:379,44,1,27
BRDA:390,45,0,27
BRDA:390,45,1,23
BRDA:392,46,0,4
BRDA:392,46,1,23
BRDA:394,47,0,2
BRDA:394,47,1,2
BRDA:397,48,0,2
BRDA:397,48,1,0
BRDA:400,49,0,0
BRDA:400,49,1,0
BRDA:423,50,0,0
BRDA:423,50,1,27
BRDA:423,51,0,27
BRDA:423,51,1,0
BRDA:427,52,0,0
BRDA:427,52,1,0
BRDA:433,53,0,0
BRDA:433,53,1,0
BRDA:433,54,0,0
BRDA:433,54,1,0
BRDA:447,55,0,0
BRDA:447,55,1,0
BRDA:449,56,0,0
BRDA:449,56,1,0
BRDA:458,57,0,0
BRDA:458,57,1,0
BRDA:464,58,0,0
BRDA:464,58,1,0
BRDA:468,59,0,0
BRDA:468,59,1,0
BRDA:470,60,0,0
BRDA:470,60,1,0
BRDA:478,61,0,0
BRDA:478,61,1,0
BRDA:500,62,0,0
BRDA:500,62,1,0
BRDA:526,63,0,1
BRDA:526,63,1,4
BRDA:533,64,0,1
BRDA:533,64,1,3
BRDA:533,65,0,4
BRDA:533,65,1,3
BRF:125
BRH:40
end_of_record
TN:
SF:src\services\otpService.js
FN:21,generateOTP
FN:33,storeOTP
FN:77,verifyOTP
FN:119,consumeOTP
FN:155,checkOTPRateLimit
FNF:5
FNH:0
FNDA:0,generateOTP
FNDA:0,storeOTP
FNDA:0,verifyOTP
FNDA:0,consumeOTP
FNDA:0,checkOTPRateLimit
DA:8,3
DA:9,3
DA:11,3
DA:12,3
DA:13,3
DA:14,3
DA:22,0
DA:35,0
DA:38,0
DA:39,0
DA:43,0
DA:51,0
DA:54,0
DA:56,0
DA:57,0
DA:64,0
DA:79,0
DA:86,0
DA:87,0
DA:91,0
DA:93,0
DA:95,0
DA:96,0
DA:97,0
DA:103,0
DA:104,0
DA:106,0
DA:121,0
DA:128,0
DA:129,0
DA:133,0
DA:135,0
DA:136,0
DA:137,0
DA:138,0
DA:142,0
DA:143,0
DA:145,0
DA:156,0
DA:157,0
DA:160,0
DA:166,0
DA:169,3
LF:43
LH:7
BRDA:56,0,0,0
BRDA:56,0,1,0
BRDA:56,1,0,0
BRDA:56,1,1,0
BRDA:60,2,0,0
BRDA:60,2,1,0
BRDA:86,3,0,0
BRDA:86,3,1,0
BRDA:93,4,0,0
BRDA:93,4,1,0
BRDA:128,5,0,0
BRDA:128,5,1,0
BRDA:135,6,0,0
BRDA:135,6,1,0
BRF:14
BRH:0
end_of_record
TN:
SF:src\services\tokenService.js
FN:27,generateJWT
FN:47,generateRefreshToken
FN:68,verifyJWT
FN:94,verifyRefreshToken
FNF:4
FNH:1
FNDA:0,generateJWT
FNDA:0,generateRefreshToken
FNDA:235,verifyJWT
FNDA:0,verifyRefreshToken
DA:8,3
DA:10,3
DA:11,3
DA:12,3
DA:13,3
DA:14,3
DA:16,3
DA:17,0
DA:28,0
DA:34,0
DA:48,0
DA:54,0
DA:56,0
DA:69,235
DA:70,235
DA:72,234
DA:73,0
DA:76,234
DA:78,1
DA:79,0
DA:80,1
DA:81,1
DA:83,0
DA:95,0
DA:96,0
DA:98,0
DA:99,0
DA:102,0
DA:104,0
DA:105,0
DA:106,0
DA:107,0
DA:109,0
DA:113,3
LF:34
LH:15
BRDA:16,0,0,0
BRDA:16,0,1,3
BRDA:16,1,0,3
BRDA:16,1,1,3
BRDA:47,2,0,0
BRDA:54,3,0,0
BRDA:54,3,1,0
BRDA:72,4,0,0
BRDA:72,4,1,234
BRDA:78,5,0,0
BRDA:78,5,1,1
BRDA:80,6,0,1
BRDA:80,6,1,0
BRDA:98,7,0,0
BRDA:98,7,1,0
BRDA:104,8,0,0
BRDA:104,8,1,0
BRDA:106,9,0,0
BRDA:106,9,1,0
BRF:19
BRH:6
end_of_record
TN:
SF:src\services\validationService.js
FN:26,validateItemCreation
FN:87,validateSchema
FN:166,(anonymous_2)
FN:172,(anonymous_3)
FN:233,validateFile
FN:260,(anonymous_5)
FN:284,validateBusinessRules
FN:289,(anonymous_7)
FN:386,validateDuplicates
FN:388,(anonymous_9)
FNF:10
FNH:8
FNDA:166,validateItemCreation
FNDA:166,validateSchema
FNDA:298,(anonymous_2)
FNDA:298,(anonymous_3)
FNDA:0,validateFile
FNDA:0,(anonymous_5)
FNDA:137,validateBusinessRules
FNDA:137,(anonymous_7)
FNDA:137,validateDuplicates
FNDA:137,(anonymous_9)
DA:14,3
DA:27,166
DA:35,166
DA:36,166
DA:37,29
DA:38,29
DA:39,29
DA:40,29
DA:41,29
DA:43,137
DA:46,137
DA:47,0
DA:48,0
DA:49,0
DA:50,0
DA:51,0
DA:52,0
DA:53,0
DA:55,0
DA:59,137
DA:60,137
DA:61,0
DA:62,0
DA:63,0
DA:64,0
DA:65,0
DA:67,137
DA:70,137
DA:71,137
DA:72,0
DA:73,0
DA:74,0
DA:75,0
DA:76,0
DA:78,137
DA:80,137
DA:88,166
DA:91,166
DA:92,18
DA:94,148
DA:95,148
DA:96,2
DA:98,148
DA:99,1
DA:104,166
DA:105,26
DA:107,140
DA:108,140
DA:109,0
DA:114,166
DA:115,23
DA:117,143
DA:118,143
DA:119,0
DA:124,166
DA:125,23
DA:127,143
DA:128,143
DA:129,2
DA:133,141
DA:138,141
DA:139,141
DA:140,141
DA:141,0
DA:148,166
DA:149,26
DA:151,140
DA:152,140
DA:153,0
DA:158,166
DA:159,140
DA:160,0
DA:162,140
DA:163,0
DA:166,298
DA:167,140
DA:168,140
DA:169,0
DA:172,140
DA:173,298
DA:174,0
DA:181,166
DA:183,166
DA:184,133
DA:185,1
DA:187,133
DA:191,1
DA:194,133
DA:195,0
DA:197,33
DA:198,7
DA:199,1
DA:200,6
DA:201,0
DA:203,7
DA:204,1
DA:207,7
DA:208,0
DA:210,26
DA:211,3
DA:212,0
DA:213,3
DA:214,0
DA:217,3
DA:218,0
DA:222,166
DA:234,0
DA:235,0
DA:238,0
DA:239,0
DA:240,0
DA:250,0
DA:251,0
DA:255,0
DA:256,0
DA:259,0
DA:260,0
DA:261,0
DA:269,0
DA:285,137
DA:286,137
DA:289,137
DA:290,137
DA:292,137
DA:295,137
DA:296,0
DA:298,137
DA:299,0
DA:301,137
DA:302,0
DA:306,137
DA:307,137
DA:308,120
DA:309,0
DA:311,17
DA:312,0
DA:313,0
DA:315,17
DA:316,3
DA:317,0
DA:322,137
DA:323,129
DA:324,0
DA:326,129
DA:327,129
DA:328,0
DA:330,129
DA:331,0
DA:333,129
DA:334,0
DA:337,8
DA:338,5
DA:339,0
DA:341,3
DA:342,3
DA:343,0
DA:348,137
DA:349,137
DA:352,137
DA:353,0
DA:354,137
DA:355,0
DA:356,137
DA:357,0
DA:359,137
DA:362,137
DA:363,137
DA:370,137
DA:371,0
DA:375,137
DA:387,137
DA:388,137
DA:389,137
DA:393,137
DA:400,137
DA:401,0
DA:413,137
DA:419,3
LF:178
LH:115
BRDA:36,0,0,29
BRDA:36,0,1,137
BRDA:37,1,0,29
BRDA:37,1,1,0
BRDA:46,2,0,0
BRDA:46,2,1,137
BRDA:48,3,0,0
BRDA:48,3,1,0
BRDA:49,4,0,0
BRDA:49,4,1,0
BRDA:50,5,0,0
BRDA:50,5,1,0
BRDA:60,6,0,0
BRDA:60,6,1,137
BRDA:61,7,0,0
BRDA:61,7,1,0
BRDA:71,8,0,0
BRDA:71,8,1,137
BRDA:72,9,0,0
BRDA:72,9,1,0
BRDA:91,10,0,18
BRDA:91,10,1,148
BRDA:91,11,0,166
BRDA:91,11,1,148
BRDA:95,12,0,2
BRDA:95,12,1,146
BRDA:95,13,0,148
BRDA:95,13,1,147
BRDA:98,14,0,1
BRDA:98,14,1,147
BRDA:104,15,0,26
BRDA:104,15,1,140
BRDA:104,16,0,166
BRDA:104,16,1,140
BRDA:108,17,0,0
BRDA:108,17,1,140
BRDA:108,18,0,140
BRDA:108,18,1,140
BRDA:114,19,0,23
BRDA:114,19,1,143
BRDA:118,20,0,0
BRDA:118,20,1,143
BRDA:124,21,0,23
BRDA:124,21,1,143
BRDA:124,22,0,166
BRDA:124,22,1,143
BRDA:127,23,0,143
BRDA:127,23,1,0
BRDA:128,24,0,2
BRDA:128,24,1,141
BRDA:128,25,0,143
BRDA:128,25,1,143
BRDA:128,25,2,141
BRDA:133,26,0,0
BRDA:133,26,1,141
BRDA:138,27,0,141
BRDA:138,27,1,0
BRDA:140,28,0,0
BRDA:140,28,1,141
BRDA:140,29,0,141
BRDA:140,29,1,141
BRDA:148,30,0,26
BRDA:148,30,1,140
BRDA:148,31,0,166
BRDA:148,31,1,140
BRDA:152,32,0,0
BRDA:152,32,1,140
BRDA:152,33,0,140
BRDA:152,33,1,140
BRDA:158,34,0,140
BRDA:158,34,1,26
BRDA:158,35,0,166
BRDA:158,35,1,140
BRDA:159,36,0,0
BRDA:159,36,1,140
BRDA:162,37,0,0
BRDA:162,37,1,140
BRDA:168,38,0,0
BRDA:168,38,1,140
BRDA:173,39,0,0
BRDA:173,39,1,298
BRDA:173,40,0,298
BRDA:173,40,1,298
BRDA:173,40,2,298
BRDA:183,41,0,133
BRDA:183,41,1,33
BRDA:184,42,0,1
BRDA:184,42,1,132
BRDA:184,43,0,133
BRDA:184,43,1,132
BRDA:184,43,2,132
BRDA:187,44,0,1
BRDA:187,44,1,132
BRDA:187,45,0,133
BRDA:187,45,1,132
BRDA:187,45,2,132
BRDA:187,45,3,132
BRDA:187,45,4,132
BRDA:187,45,5,132
BRDA:187,45,6,132
BRDA:187,45,7,132
BRDA:187,45,8,132
BRDA:187,45,9,132
BRDA:194,46,0,0
BRDA:194,46,1,133
BRDA:194,47,0,133
BRDA:194,47,1,133
BRDA:194,47,2,133
BRDA:197,48,0,7
BRDA:197,48,1,26
BRDA:198,49,0,1
BRDA:198,49,1,6
BRDA:198,50,0,7
BRDA:198,50,1,6
BRDA:200,51,0,0
BRDA:200,51,1,6
BRDA:203,52,0,1
BRDA:203,52,1,6
BRDA:203,53,0,7
BRDA:203,53,1,6
BRDA:203,53,2,6
BRDA:207,54,0,0
BRDA:207,54,1,7
BRDA:207,55,0,7
BRDA:207,55,1,7
BRDA:207,55,2,7
BRDA:210,56,0,3
BRDA:210,56,1,23
BRDA:211,57,0,0
BRDA:211,57,1,3
BRDA:211,58,0,3
BRDA:211,58,1,3
BRDA:211,58,2,3
BRDA:213,59,0,0
BRDA:213,59,1,3
BRDA:217,60,0,0
BRDA:217,60,1,3
BRDA:217,61,0,3
BRDA:217,61,1,3
BRDA:217,61,2,3
BRDA:217,61,3,3
BRDA:225,62,0,29
BRDA:225,62,1,137
BRDA:234,63,0,0
BRDA:234,63,1,0
BRDA:250,64,0,0
BRDA:250,64,1,0
BRDA:255,65,0,0
BRDA:255,65,1,0
BRDA:259,66,0,0
BRDA:259,66,1,0
BRDA:260,67,0,0
BRDA:260,67,1,0
BRDA:295,68,0,0
BRDA:295,68,1,137
BRDA:295,69,0,137
BRDA:295,69,1,120
BRDA:298,70,0,0
BRDA:298,70,1,137
BRDA:298,71,0,137
BRDA:298,71,1,5
BRDA:301,72,0,0
BRDA:301,72,1,137
BRDA:301,73,0,137
BRDA:301,73,1,3
BRDA:307,74,0,120
BRDA:307,74,1,17
BRDA:308,75,0,0
BRDA:308,75,1,120
BRDA:308,76,0,120
BRDA:308,76,1,120
BRDA:311,77,0,0
BRDA:311,77,1,17
BRDA:312,78,0,0
BRDA:312,78,1,0
BRDA:312,79,0,0
BRDA:312,79,1,0
BRDA:315,80,0,3
BRDA:315,80,1,14
BRDA:316,81,0,0
BRDA:316,81,1,3
BRDA:316,82,0,3
BRDA:316,82,1,3
BRDA:322,83,0,129
BRDA:322,83,1,8
BRDA:323,84,0,0
BRDA:323,84,1,129
BRDA:323,85,0,129
BRDA:323,85,1,129
BRDA:323,85,2,129
BRDA:326,86,0,129
BRDA:326,86,1,0
BRDA:327,87,0,0
BRDA:327,87,1,129
BRDA:327,88,0,129
BRDA:327,88,1,129
BRDA:327,88,2,129
BRDA:330,89,0,0
BRDA:330,89,1,129
BRDA:330,90,0,129
BRDA:330,90,1,129
BRDA:330,90,2,129
BRDA:333,91,0,0
BRDA:333,91,1,129
BRDA:333,92,0,129
BRDA:333,92,1,129
BRDA:333,92,2,129
BRDA:337,93,0,5
BRDA:337,93,1,3
BRDA:338,94,0,0
BRDA:338,94,1,5
BRDA:338,95,0,5
BRDA:338,95,1,5
BRDA:338,95,2,5
BRDA:341,96,0,3
BRDA:341,96,1,0
BRDA:342,97,0,0
BRDA:342,97,1,3
BRDA:342,98,0,3
BRDA:342,98,1,3
BRDA:342,98,2,3
BRDA:342,98,3,3
BRDA:352,99,0,0
BRDA:352,99,1,137
BRDA:354,100,0,0
BRDA:354,100,1,137
BRDA:356,101,0,0
BRDA:356,101,1,137
BRDA:362,102,0,137
BRDA:362,102,1,0
BRDA:370,103,0,0
BRDA:370,103,1,137
BRDA:378,104,0,0
BRDA:378,104,1,137
BRDA:400,105,0,0
BRDA:400,105,1,137
BRF:236
BRH:170
end_of_record
TN:
SF:src\utils\errorResponse.js
FN:13,formatValidationError
FN:28,createError
FN:40,sendErrorResponse
FN:75,handleMongooseError
FNF:4
FNH:0
FNDA:0,formatValidationError
FNDA:0,createError
FNDA:0,sendErrorResponse
FNDA:0,handleMongooseError
DA:14,0
DA:16,0
DA:17,0
DA:19,0
DA:29,0
DA:30,0
DA:31,0
DA:44,0
DA:45,0
DA:46,0
DA:49,0
DA:50,0
DA:51,0
DA:55,0
DA:56,0
DA:57,0
DA:60,0
DA:61,0
DA:64,0
DA:77,0
DA:78,0
DA:79,0
DA:83,0
DA:84,0
DA:88,0
DA:89,0
DA:93,0
DA:96,0
LF:28
LH:0
BRDA:14,0,0,0
BRDA:14,0,1,0
BRDA:14,1,0,0
BRDA:14,1,1,0
BRDA:17,2,0,0
BRDA:17,2,1,0
BRDA:19,3,0,0
BRDA:19,3,1,0
BRDA:28,4,0,0
BRDA:40,5,0,0
BRDA:44,6,0,0
BRDA:44,6,1,0
BRDA:45,7,0,0
BRDA:45,7,1,0
BRDA:46,8,0,0
BRDA:46,8,1,0
BRDA:46,8,2,0
BRDA:49,9,0,0
BRDA:49,9,1,0
BRDA:55,10,0,0
BRDA:55,10,1,0
BRDA:60,11,0,0
BRDA:60,11,1,0
BRDA:61,12,0,0
BRDA:61,12,1,0
BRDA:77,13,0,0
BRDA:77,13,1,0
BRDA:83,14,0,0
BRDA:83,14,1,0
BRDA:88,15,0,0
BRDA:88,15,1,0
BRDA:93,16,0,0
BRDA:93,16,1,0
BRF:33
BRH:0
end_of_record
TN:
SF:src\utils\errors.js
FN:12,(anonymous_0)
FN:26,(anonymous_1)
FN:36,(anonymous_2)
FN:46,(anonymous_3)
FN:56,(anonymous_4)
FNF:5
FNH:0
FNDA:0,(anonymous_0)
FNDA:0,(anonymous_1)
FNDA:0,(anonymous_2)
FNDA:0,(anonymous_3)
FNDA:0,(anonymous_4)
DA:13,0
DA:14,0
DA:15,0
DA:16,0
DA:17,0
DA:18,0
DA:27,0
DA:28,0
DA:37,0
DA:38,0
DA:47,0
DA:48,0
DA:57,0
DA:58,0
DA:62,0
LF:15
LH:0
BRDA:12,0,0,0
BRDA:12,1,0,0
BRDA:26,2,0,0
BRDA:36,3,0,0
BRDA:36,4,0,0
BRDA:46,5,0,0
BRDA:56,6,0,0
BRF:7
BRH:0
end_of_record
TN:
SF:src\utils\logger.js
FN:16,logInfo
FN:28,logError
FN:38,logWarn
FNF:3
FNH:0
FNDA:0,logInfo
FNDA:0,logError
FNDA:0,logWarn
DA:8,3
DA:17,0
DA:18,0
DA:29,0
DA:39,0
DA:42,3
LF:6
LH:2
BRDA:8,0,0,3
BRDA:8,0,1,0
BRDA:16,1,0,0
BRDA:17,2,0,0
BRDA:17,2,1,0
BRDA:18,3,0,0
BRDA:18,3,1,0
BRDA:28,4,0,0
BRDA:29,5,0,0
BRDA:29,5,1,0
BRDA:38,6,0,0
BRDA:39,7,0,0
BRDA:39,7,1,0
BRF:13
BRH:1
end_of_record
TN:
SF:src\utils\password.js
FN:17,hashPassword
FN:31,verifyPassword
FN:51,validatePasswordStrength
FNF:3
FNH:0
FNDA:0,hashPassword
FNDA:0,verifyPassword
FNDA:0,validatePasswordStrength
DA:7,3
DA:9,3
DA:18,0
DA:19,0
DA:21,0
DA:32,0
DA:33,0
DA:35,0
DA:52,0
DA:53,0
DA:56,0
DA:57,0
DA:60,0
DA:61,0
DA:64,0
DA:65,0
DA:68,0
DA:69,0
DA:72,0
DA:73,0
DA:76,0
DA:79,3
LF:22
LH:3
BRDA:18,0,0,0
BRDA:18,0,1,0
BRDA:32,1,0,0
BRDA:32,1,1,0
BRDA:32,2,0,0
BRDA:32,2,1,0
BRDA:52,3,0,0
BRDA:52,3,1,0
BRDA:56,4,0,0
BRDA:56,4,1,0
BRDA:60,5,0,0
BRDA:60,5,1,0
BRDA:64,6,0,0
BRDA:64,6,1,0
BRDA:68,7,0,0
BRDA:68,7,1,0
BRDA:72,8,0,0
BRDA:72,8,1,0
BRF:18
BRH:0
end_of_record
TN:
SF:src\utils\transactionHelper.js
FN:19,withTransaction
FN:29,(anonymous_1)
FN:29,(anonymous_2)
FN:65,(anonymous_3)
FN:81,(anonymous_4)
FN:99,isRetryableError
FN:123,createSession
FNF:7
FNH:2
FNDA:137,withTransaction
FNDA:137,(anonymous_1)
FNDA:0,(anonymous_2)
FNDA:0,(anonymous_3)
FNDA:0,(anonymous_4)
FNDA:0,isRetryableError
FNDA:0,createSession
DA:8,3
DA:23,137
DA:27,137
DA:29,137
DA:34,137
DA:35,0
DA:37,0
DA:40,0
DA:43,0
DA:45,0
DA:51,137
DA:52,137
DA:54,137
DA:55,137
DA:57,137
DA:59,0
DA:60,0
DA:62,0
DA:65,137
DA:66,137
DA:68,137
DA:71,137
DA:74,137
DA:78,0
DA:79,0
DA:80,0
DA:81,0
DA:82,0
DA:86,0
DA:90,0
DA:101,0
DA:102,0
DA:106,0
DA:107,0
DA:111,0
DA:112,0
DA:115,0
DA:124,0
DA:127,3
LF:39
LH:16
BRDA:19,0,0,137
BRDA:21,1,0,137
BRDA:22,2,0,137
BRDA:27,3,0,137
BRDA:27,3,1,137
BRDA:27,3,2,137
BRDA:27,3,3,0
BRDA:34,4,0,0
BRDA:34,4,1,137
BRDA:40,5,0,0
BRDA:40,5,1,0
BRDA:40,6,0,0
BRDA:40,6,1,0
BRDA:71,7,0,137
BRDA:71,7,1,0
BRDA:71,8,0,137
BRDA:71,8,1,0
BRDA:78,9,0,0
BRDA:78,9,1,0
BRDA:78,10,0,0
BRDA:78,10,1,0
BRDA:101,11,0,0
BRDA:101,11,1,0
BRDA:106,12,0,0
BRDA:106,12,1,0
BRDA:111,13,0,0
BRDA:111,13,1,0
BRDA:111,14,0,0
BRDA:111,14,1,0
BRF:29
BRH:9
end_of_record
TN:
SF:src\utils\validation.js
FN:14,validateEmail
FN:34,validateName
FN:61,validateOTP
FNF:3
FNH:0
FNDA:0,validateEmail
FNDA:0,validateName
FNDA:0,validateOTP
DA:15,0
DA:16,0
DA:19,0
DA:20,0
DA:21,0
DA:24,0
DA:35,0
DA:36,0
DA:39,0
DA:40,0
DA:43,0
DA:44,0
DA:47,0
DA:48,0
DA:49,0
DA:52,0
DA:62,0
DA:63,0
DA:66,0
DA:67,0
DA:68,0
DA:71,0
DA:74,3
LF:23
LH:1
BRDA:15,0,0,0
BRDA:15,0,1,0
BRDA:20,1,0,0
BRDA:20,1,1,0
BRDA:34,2,0,0
BRDA:35,3,0,0
BRDA:35,3,1,0
BRDA:39,4,0,0
BRDA:39,4,1,0
BRDA:43,5,0,0
BRDA:43,5,1,0
BRDA:48,6,0,0
BRDA:48,6,1,0
BRDA:62,7,0,0
BRDA:62,7,1,0
BRDA:67,8,0,0
BRDA:67,8,1,0
BRF:17
BRH:0
end_of_record
